Using launch settings from C:\Users\Siedl\Programming\VS-Code\MartinInventory\backend\Properties\launchSettings.json...
Building...
Database path: C:\Users\Siedl\AppData\Roaming\martin-inventory\inventory.db
info: Microsoft.EntityFrameworkCore.Database.Command[20101]
      Executed DbCommand (44ms) [Parameters=[], CommandType='Text', CommandTimeout='30']
      SELECT COUNT(*) FROM "sqlite_master" WHERE "type" = 'table' AND "rootpage" IS NOT NULL;
info: Microsoft.Hosting.Lifetime[14]
      Now listening on: http://localhost:5001
info: Microsoft.Hosting.Lifetime[0]
      Application started. Press Ctrl+C to shut down.
info: Microsoft.Hosting.Lifetime[0]
      Hosting environment: Development
info: Microsoft.Hosting.Lifetime[0]
      Content root path: C:\Users\Siedl\Programming\VS-Code\MartinInventory\backend
info: Microsoft.EntityFrameworkCore.Database.Command[20101]
      Executed DbCommand (2ms) [Parameters=[], CommandType='Text', CommandTimeout='30']
      SELECT "u"."Id", "u"."AdminPassword", "u"."GroupId", "u"."IsAdmin", "u"."UserId", "u"."UserName"
      FROM "Users" AS "u"
      ORDER BY "u"."UserName"
info: Microsoft.EntityFrameworkCore.Database.Command[20101]
      Executed DbCommand (0ms) [Parameters=[], CommandType='Text', CommandTimeout='30']
      SELECT "u"."Id", "u"."UserId", "u"."UserName"
      FROM "Users" AS "u"
info: Microsoft.EntityFrameworkCore.Database.Command[20101]
      Executed DbCommand (1ms) [Parameters=[], CommandType='Text', CommandTimeout='30']
      SELECT "i"."Id", "i"."ItemName"
      FROM "InventoryItems" AS "i"
info: Microsoft.EntityFrameworkCore.Database.Command[20101]
      Executed DbCommand (0ms) [Parameters=[], CommandType='Text', CommandTimeout='30']
      SELECT "i"."Id", "i"."InventoryItemId", "i"."Notes", "i"."Quantity", "i"."Signature", "i"."Timestamp", "i"."UnitId", "i"."UserId"
      FROM "InventoryLogs" AS "i"
      ORDER BY "i"."Timestamp" DESC
